<?xml version="1.0" encoding="UTF-8"?>
<testsuite xmlns:xsi="http://www.w3.org/2001/XMLSchema-instance" xsi:noNamespaceSchemaLocation="https://maven.apache.org/surefire/maven-surefire-plugin/xsd/surefire-test-report-3.0.xsd" version="3.0" name="cn.spark2fire.jscrapy.selector.SelectorTest" time="0.002" tests="2" errors="0" skipped="0" failures="0">
  <properties>
    <property name="sun.desktop" value="windows"/>
    <property name="awt.toolkit" value="sun.awt.windows.WToolkit"/>
    <property name="java.specification.version" value="11"/>
    <property name="sun.cpu.isalist" value="amd64"/>
    <property name="sun.jnu.encoding" value="GBK"/>
    <property name="java.class.path" value="D:\software\JetBrains\IntelliJ IDEA Community Edition 2020.3.1\plugins\maven\lib\maven3\boot\plexus-classworlds-2.6.0.jar;D:\software\JetBrains\IntelliJ IDEA Community Edition 2020.3.1\plugins\maven\lib\maven3\boot\plexus-classworlds.license"/>
    <property name="java.vm.vendor" value="Oracle Corporation"/>
    <property name="sun.arch.data.model" value="64"/>
    <property name="user.variant" value=""/>
    <property name="java.vendor.url" value="http://java.oracle.com/"/>
    <property name="user.timezone" value="Asia/Shanghai"/>
    <property name="maven.conf" value="D:\software\JetBrains\IntelliJ IDEA Community Edition 2020.3.1\plugins\maven\lib\maven3/conf"/>
    <property name="os.name" value="Windows 10"/>
    <property name="java.vm.specification.version" value="11"/>
    <property name="sun.java.launcher" value="SUN_STANDARD"/>
    <property name="user.country" value="CN"/>
    <property name="sun.boot.library.path" value="C:\Program Files\Java\jdk-11.0.4\bin"/>
    <property name="sun.java.command" value="org.codehaus.classworlds.Launcher -Didea.version=2020.3.1 clean install"/>
    <property name="jdk.debug" value="release"/>
    <property name="maven.home" value="D:\software\JetBrains\IntelliJ IDEA Community Edition 2020.3.1\plugins\maven\lib\maven3"/>
    <property name="surefire.test.class.path" value="D:\GitHub\jscrapy\jscrapy-core\target\test-classes;D:\GitHub\jscrapy\jscrapy-core\target\classes;E:\maven_repo\org\apache\httpcomponents\httpclient\4.5.13\httpclient-4.5.13.jar;E:\maven_repo\org\apache\httpcomponents\httpcore\4.4.14\httpcore-4.4.14.jar;E:\maven_repo\commons-logging\commons-logging\1.2\commons-logging-1.2.jar;E:\maven_repo\commons-codec\commons-codec\1.11\commons-codec-1.11.jar;E:\maven_repo\junit\junit\4.13.1\junit-4.13.1.jar;E:\maven_repo\org\hamcrest\hamcrest-core\1.3\hamcrest-core-1.3.jar;E:\maven_repo\org\apache\commons\commons-lang3\3.11\commons-lang3-3.11.jar;E:\maven_repo\us\codecraft\xsoup\0.3.2\xsoup-0.3.2.jar;E:\maven_repo\org\jsoup\jsoup\1.13.1\jsoup-1.13.1.jar;E:\maven_repo\com\github\dreamhead\moco-core\1.1.0\moco-core-1.1.0.jar;E:\maven_repo\com\google\guava\guava\30.1-jre\guava-30.1-jre.jar;E:\maven_repo\com\google\guava\failureaccess\1.0.1\failureaccess-1.0.1.jar;E:\maven_repo\com\google\guava\listenablefuture\9999.0-empty-to-avoid-conflict-with-guava\listenablefuture-9999.0-empty-to-avoid-conflict-with-guava.jar;E:\maven_repo\com\google\code\findbugs\jsr305\3.0.2\jsr305-3.0.2.jar;E:\maven_repo\org\checkerframework\checker-qual\3.5.0\checker-qual-3.5.0.jar;E:\maven_repo\com\google\errorprone\error_prone_annotations\2.3.4\error_prone_annotations-2.3.4.jar;E:\maven_repo\com\google\j2objc\j2objc-annotations\1.3\j2objc-annotations-1.3.jar;E:\maven_repo\io\netty\netty-codec-http\4.1.45.Final\netty-codec-http-4.1.45.Final.jar;E:\maven_repo\io\netty\netty-common\4.1.45.Final\netty-common-4.1.45.Final.jar;E:\maven_repo\io\netty\netty-buffer\4.1.45.Final\netty-buffer-4.1.45.Final.jar;E:\maven_repo\io\netty\netty-transport\4.1.45.Final\netty-transport-4.1.45.Final.jar;E:\maven_repo\io\netty\netty-resolver\4.1.45.Final\netty-resolver-4.1.45.Final.jar;E:\maven_repo\io\netty\netty-codec\4.1.45.Final\netty-codec-4.1.45.Final.jar;E:\maven_repo\io\netty\netty-handler\4.1.45.Final\netty-handler-4.1.45.Final.jar;E:\maven_repo\com\fasterxml\jackson\core\jackson-databind\2.10.2\jackson-databind-2.10.2.jar;E:\maven_repo\com\fasterxml\jackson\core\jackson-annotations\2.10.2\jackson-annotations-2.10.2.jar;E:\maven_repo\com\fasterxml\jackson\core\jackson-core\2.10.2\jackson-core-2.10.2.jar;E:\maven_repo\org\freemarker\freemarker\2.3.29\freemarker-2.3.29.jar;E:\maven_repo\org\slf4j\slf4j-api\1.7.30\slf4j-api-1.7.30.jar;E:\maven_repo\org\mockito\mockito-all\1.10.19\mockito-all-1.10.19.jar;E:\maven_repo\org\slf4j\slf4j-log4j12\1.7.30\slf4j-log4j12-1.7.30.jar;E:\maven_repo\log4j\log4j\1.2.17\log4j-1.2.17.jar;E:\maven_repo\commons-collections\commons-collections\3.2.2\commons-collections-3.2.2.jar;E:\maven_repo\org\assertj\assertj-core\3.18.1\assertj-core-3.18.1.jar;E:\maven_repo\commons-io\commons-io\2.8.0\commons-io-2.8.0.jar;E:\maven_repo\com\jayway\jsonpath\json-path\2.5.0\json-path-2.5.0.jar;E:\maven_repo\net\minidev\json-smart\2.3\json-smart-2.3.jar;E:\maven_repo\net\minidev\accessors-smart\1.2\accessors-smart-1.2.jar;E:\maven_repo\org\ow2\asm\asm\5.0.4\asm-5.0.4.jar;E:\maven_repo\com\alibaba\fastjson\1.2.75\fastjson-1.2.75.jar;"/>
    <property name="sun.cpu.endian" value="little"/>
    <property name="user.home" value="C:\Users\Administrator"/>
    <property name="user.language" value="zh"/>
    <property name="java.specification.vendor" value="Oracle Corporation"/>
    <property name="java.version.date" value="2019-07-16"/>
    <property name="java.home" value="C:\Program Files\Java\jdk-11.0.4"/>
    <property name="file.separator" value="\"/>
    <property name="basedir" value="D:\GitHub\jscrapy\jscrapy-core"/>
    <property name="java.vm.compressedOopsMode" value="Zero based"/>
    <property name="line.separator" value="&#10;"/>
    <property name="java.specification.name" value="Java Platform API Specification"/>
    <property name="java.vm.specification.vendor" value="Oracle Corporation"/>
    <property name="java.awt.graphicsenv" value="sun.awt.Win32GraphicsEnvironment"/>
    <property name="user.script" value=""/>
    <property name="sun.management.compiler" value="HotSpot 64-Bit Tiered Compilers"/>
    <property name="java.runtime.version" value="11.0.4+10-LTS"/>
    <property name="user.name" value="Administrator"/>
    <property name="path.separator" value=";"/>
    <property name="os.version" value="10.0"/>
    <property name="java.runtime.name" value="Java(TM) SE Runtime Environment"/>
    <property name="file.encoding" value="UTF-8"/>
    <property name="guice.disable.misplaced.annotation.check" value="true"/>
    <property name="sun.nio.ch.bugLevel" value=""/>
    <property name="java.vm.name" value="Java HotSpot(TM) 64-Bit Server VM"/>
    <property name="java.vendor.version" value="18.9"/>
    <property name="maven.ext.class.path" value="D:\software\JetBrains\IntelliJ IDEA Community Edition 2020.3.1\plugins\maven\lib\maven-event-listener.jar"/>
    <property name="localRepository" value="E:\maven_repo"/>
    <property name="java.vendor.url.bug" value="http://bugreport.java.com/bugreport/"/>
    <property name="java.io.tmpdir" value="C:\Users\ADMINI~1\AppData\Local\Temp\"/>
    <property name="idea.version" value="2020.3.1"/>
    <property name="java.version" value="11.0.4"/>
    <property name="user.dir" value="D:\GitHub\jscrapy\jscrapy-core"/>
    <property name="os.arch" value="amd64"/>
    <property name="maven.multiModuleProjectDirectory" value="D:\GitHub\jscrapy"/>
    <property name="java.vm.specification.name" value="Java Virtual Machine Specification"/>
    <property name="java.awt.printerjob" value="sun.awt.windows.WPrinterJob"/>
    <property name="sun.os.patch.level" value=""/>
    <property name="java.library.path" value="C:\Program Files\Java\jdk-11.0.4\bin;C:\WINDOWS\Sun\Java\bin;C:\WINDOWS\system32;C:\WINDOWS;C:\Python38\Scripts\;C:\Python38\;C:\Program Files (x86)\Intel\Intel(R) Management Engine Components\iCLS\;C:\Program Files\Intel\Intel(R) Management Engine Components\iCLS\;C:\Program Files\Python36\Scripts\;C:\Program Files\Python36\;C:\WINDOWS\system32;C:\WINDOWS;C:\WINDOWS\System32\Wbem;C:\WINDOWS\System32\WindowsPowerShell\v1.0\;C:\WINDOWS\System32\OpenSSH\;C:\Program Files\Git\cmd;D:\software\bitvise;C:\Program Files\Microsoft VS Code\bin;C:\Program Files\Java\jdk1.8.0_201\bin;D:\software;D:\software\CukeTest\;D:\software\tortoisegit\bin;D:\development\apache-maven-3.6.3\bin;C:\ProgramData\chocolatey\bin;D:\software\nvm;D:\software\nodejs;C:\Users\Administrator\AppData\Local\Microsoft\WindowsApps;C:\Program Files\Microsoft VS Code\bin;D:\software\mingw\bin;C:\Users\Administrator\AppData\Local\Microsoft\WindowsApps;C:\Users\Administrator\AppData\Roaming\npm;D:\software\nvm;D:\software\nodejs;."/>
    <property name="java.vendor" value="Oracle Corporation"/>
    <property name="java.vm.info" value="mixed mode"/>
    <property name="java.vm.version" value="11.0.4+10-LTS"/>
    <property name="classworlds.conf" value="D:\software\JetBrains\IntelliJ IDEA Community Edition 2020.3.1\plugins\maven\lib\maven3\bin\m2.conf"/>
    <property name="sun.io.unicode.encoding" value="UnicodeLittle"/>
    <property name="java.class.version" value="55.0"/>
  </properties>
  <testcase name="testChain" classname="cn.spark2fire.jscrapy.selector.SelectorTest" time="0.001"/>
  <testcase name="testNodes" classname="cn.spark2fire.jscrapy.selector.SelectorTest" time="0.001"/>
</testsuite>